TN:
SF:nrt_pytest_soft_asserts\soft_asserts.py
DA:1,1,Lhk5d8oicIJYwDoccMDdHg
DA:2,1,7Z9Lj4ed27Wf2hBX6jooEA
DA:3,1,7HpIEQVf5K0efdTzo05mJg
DA:4,1,YOe9avog2o7Ju8MeMAAAVQ
DA:5,1,o7XN3CMj67n397EmDP0M3w
DA:8,1,CT9XrugR0VmgtyLiirko8A
DA:9,1,UWMFjPhL9cjw2PNid09Teg
DA:10,1,+SGCpVWY58FgRVOVeHAUaQ
DA:11,1,hrAqVZ4+nJDfZWiyo7USPQ
DA:12,1,qbcWZTaHHkFMNzZLiRiJWg
DA:13,1,x58qBQiiUN5gSgkjvQMEsA
DA:14,1,sRjzUmZYGNMCGdE1QaJWlg
DA:16,1,j+CcxAIEiLeqjzkbiEHnZA
DA:17,1,h0T4olR8leEmpUnX6jQ87w
DA:21,1,VWrOtSvpsG3XM/+ldlYTtw
DA:22,1,/ZvqiDY7XVzMiSFdpC6ZCg
DA:28,1,nbKTbmHFx7nM+aMlyHoQuQ
DA:29,1,cZwl7SZ7Og3/jQc9chklaw
DA:30,1,o/ICqHT57VM1Vq7HjJyy3A
DA:31,1,8gMV8dVZf8YNcIeIuAT9mg
DA:32,1,X04jIckKz8MzqNgMEd/zuQ
DA:34,1,gFdnwIzxJ64X+nD2UauP7A
DA:35,1,euNjmfcAJnt/3VzkyXBypw
DA:36,1,VoZlPxzJT8iSDla3nXg6gA
DA:38,1,w/qRhPKePx2X8WQ5IFwHQw
DA:39,1,wLAvyX6ae7qHPfR0U5nuNQ
DA:41,1,xZzMcn+sbVdMvp1XWeSE3A
DA:42,1,TCKiqpktFcWqlWOlIXkr/Q
DA:44,1,2feaP53LICTkUXoufDnSow
DA:45,1,UNg5Tja4vJsKufLKzB/kig
DA:46,1,cF/F8prOxehBDvWes+tMMg
DA:47,1,SddcyX1RBTAngKzlGAFzog
DA:48,1,kycMaH6XbPuAfUpgfG1Lbg
DA:50,1,eJ6zrxnLWn/k18a2vHOhRA
DA:52,1,s1bL95czphICJYesf40P0g
DA:53,1,SVjSWEY0bM8LLJH3qp/3Og
DA:54,1,BSDSyrd28WloFCHGdn2FQQ
DA:55,1,SddcyX1RBTAngKzlGAFzog
DA:56,1,kycMaH6XbPuAfUpgfG1Lbg
DA:58,1,eJ6zrxnLWn/k18a2vHOhRA
DA:60,1,a9xTv53C92gEOcB2C7sang
DA:61,1,fPOM4pkCeXOfL2Nmu5oikw
DA:62,1,KTOM1IoHRdymNOi2MOrfow
DA:63,1,SddcyX1RBTAngKzlGAFzog
DA:64,1,kycMaH6XbPuAfUpgfG1Lbg
DA:66,1,eJ6zrxnLWn/k18a2vHOhRA
DA:68,1,c/GTJITtfeL5VVJmP7cM4A
DA:69,1,cs5FkiD5nnhu8NJ+8Cen0g
DA:70,1,MMzR/4FNHLQDvhbSfEhRjg
DA:71,1,SddcyX1RBTAngKzlGAFzog
DA:72,1,kycMaH6XbPuAfUpgfG1Lbg
DA:74,1,eJ6zrxnLWn/k18a2vHOhRA
DA:76,1,wzaRxf7eNUIkALABgtSBOg
DA:77,1,TJY/ZQHPl6v9wt0iiFUHgA
DA:78,1,ByiK0QTfZbN7pcEJMLnKnA
DA:79,1,SddcyX1RBTAngKzlGAFzog
DA:80,1,kycMaH6XbPuAfUpgfG1Lbg
DA:82,1,eJ6zrxnLWn/k18a2vHOhRA
DA:84,1,ohnxQgVjMajng4B983+dOQ
DA:85,1,caD9Ne8dKQaQHLzB/bHx1A
DA:86,1,x9Djg3dmtnNgOW88ewk5Gw
DA:87,1,SddcyX1RBTAngKzlGAFzog
DA:88,1,kycMaH6XbPuAfUpgfG1Lbg
DA:90,1,eJ6zrxnLWn/k18a2vHOhRA
DA:92,1,aGNyC4j4/11W0ojkq1MItg
DA:93,1,HOBRRotEGUH3HEJEbr0YUA
DA:94,1,vZnC+h5JTs752xY6owGb4g
DA:95,1,SddcyX1RBTAngKzlGAFzog
DA:96,1,kycMaH6XbPuAfUpgfG1Lbg
DA:98,1,eJ6zrxnLWn/k18a2vHOhRA
DA:100,1,nDajlSGkW4YMvTZoO+q+ug
DA:101,1,EGNruTy0X+Kp9Jkg/flHiw
DA:102,1,Ob0eQ+a3YhRVJHOBXnjrRA
DA:103,1,SddcyX1RBTAngKzlGAFzog
DA:104,1,kycMaH6XbPuAfUpgfG1Lbg
DA:106,1,eJ6zrxnLWn/k18a2vHOhRA
DA:108,1,BgltoEotRwyRJFO8ekhLJA
DA:109,1,UxwR8N+Yj6i7HYMpbMepww
DA:110,1,RzRBmIy8MpMoehK51SMnPA
DA:111,1,SddcyX1RBTAngKzlGAFzog
DA:112,1,kycMaH6XbPuAfUpgfG1Lbg
DA:114,1,eJ6zrxnLWn/k18a2vHOhRA
DA:116,1,HKL+A4SYWO42UDwPBqF9/Q
DA:117,1,hUWpochcPK4BW5vofnIyIQ
DA:118,1,y+St3rSnijDiXGKMyWbmzQ
DA:119,1,SddcyX1RBTAngKzlGAFzog
DA:120,1,kycMaH6XbPuAfUpgfG1Lbg
DA:122,1,eJ6zrxnLWn/k18a2vHOhRA
DA:124,1,Me1jgvIGrsr4qnriHUjthg
DA:125,1,hMZeVjp7IQfEeIhu7T6Qug
DA:126,1,Xul9OhdjYz634dcls+D5Sg
DA:127,1,SddcyX1RBTAngKzlGAFzog
DA:128,1,kycMaH6XbPuAfUpgfG1Lbg
DA:130,1,eJ6zrxnLWn/k18a2vHOhRA
DA:132,1,Tp9UPj/6BSBU3OiLKVehTQ
DA:133,1,LEr6iS1ehZPEln0938LgDA
DA:134,1,7CSN9PHZE0v8HuRE7SFpHQ
DA:135,1,SddcyX1RBTAngKzlGAFzog
DA:136,1,kycMaH6XbPuAfUpgfG1Lbg
DA:138,1,eJ6zrxnLWn/k18a2vHOhRA
DA:140,1,jt1nVjofbe6seP/zpYulag
DA:141,1,ABp2lMt/GqraddSKyQroNg
DA:142,1,Gl3BECggWbqqjd2cqP4bRw
DA:143,1,SddcyX1RBTAngKzlGAFzog
DA:144,1,kycMaH6XbPuAfUpgfG1Lbg
DA:146,1,eJ6zrxnLWn/k18a2vHOhRA
DA:148,1,FOJoFrDX8goW8TK04Am1gg
DA:149,1,BEji8rHRRQd6Khq3M6eG1A
DA:150,1,OkhVZVE4+qXfT2qlBfFMCg
DA:151,1,SddcyX1RBTAngKzlGAFzog
DA:152,1,kycMaH6XbPuAfUpgfG1Lbg
DA:154,1,eJ6zrxnLWn/k18a2vHOhRA
DA:156,1,7Id/9w+MJ7mmStv5GmlnEQ
DA:157,1,xjcDBnSwra0OiNOAYAwoHA
DA:158,1,fzgfIgcG6g+2bwqhpFlehA
DA:159,1,1bm+6DR9CmDHJRc1CVEkAA
DA:160,1,SddcyX1RBTAngKzlGAFzog
DA:161,1,kycMaH6XbPuAfUpgfG1Lbg
DA:162,1,cCzhnT+1tmGi11b28Pmfwg
DA:163,1,FFqRFcnwn5yIyeIymeaJKA
DA:164,1,cHkzfZuxAWImImgqWlqrvA
DA:165,1,BPFPHxC1g838zXudSH9ZRw
DA:166,1,7N/JFuOs+JgNw/t49ouLjw
DA:168,1,eJ6zrxnLWn/k18a2vHOhRA
DA:170,1,7b0pW+COted0848FtuVb6w
DA:171,1,5q+soJGeT4wj2rvA0ImJjw
DA:172,1,oGXcTu7RhYjXaCN+oyGeow
DA:173,1,WLm2H1W+3yCdma2u9U4Q8Q
DA:175,1,NgEyPOKakdhldTxcO/9WTw
DA:176,1,9tjsd4fQsN3iZRwF3XVokQ
DA:177,1,jVibu8inmyhUmI99MXh8cQ
DA:179,1,qCY/j2HCLFtYyfrTwAWWTA
DA:180,1,Lfip+xp+akrfc/rJIcMOhA
DA:182,1,KUmQB5oU4NORV0lSdMIZZQ
DA:183,1,dAfL0n8Wo5Ppew0jXSR2ew
DA:184,1,DSI4Ot1H4VotwCjdGHX7OA
DA:185,1,tQ6XNUsbh/EhqDe2FXTfEQ
DA:186,1,MxcyyJW2FDs9bItTe2A0WQ
DA:187,1,niU61jbEbVCIu9EZqALWTw
DA:188,1,tQ6XNUsbh/EhqDe2FXTfEQ
DA:190,1,n05AfdIFALNK7eRaTWeHow
DA:192,1,0d4Sudq2J47ghEvQaeqPWg
DA:194,1,kVvJCoZ+arOc3lZ+og4IEg
DA:200,1,ogP0iNXJ2rXGUSaYFfx0HQ
DA:202,1,rKc6OtluApu4vUPkue80OA
DA:203,1,51oFRiFZA8XRplZCPT+gSA
DA:204,1,D+1gEQAN6fkTn2TYmA0kkQ
DA:206,1,cNL8bb7c9LibXQYEYcASDg
DA:211,1,NXnbOz6yv8VObuskZ3a09w
DA:213,1,4Ai509LeMB+eQOSsyF0ceg
DA:215,1,GjfNc4UJIb1+ODEoT4Hajw
DA:216,1,jv3zm1wOeBalyM4h/jcIlw
DA:218,1,MZYNNYkbtsx2Hg+DZ/h3rg
DA:219,1,UgfgQM6wxrSfJ+EcPxgD7Q
DA:221,1,HmADa1g/W1C2Vo9Wm4sNNA
DA:222,1,YZHh1zdnsa3bb+dCKtCLig
DA:223,1,tWBXudt5bV+DpuYf1ygf2g
DA:225,1,HmADa1g/W1C2Vo9Wm4sNNA
DA:226,1,IGhNwPBj/a1FDMfnrvNhxA
DA:227,1,Lmo1GBciEu5kMSFvKCB7QA
DA:229,1,B+mxYdm1Xk4QgBlIJzGpEA
DA:230,1,/ZJ79mb3sx4CFjKob6BxSg
DA:231,1,jJxyxzcVU/1lqNaNLAC6ww
DA:233,1,Wd4o5epo//51J+v3mzza3g
DA:235,1,uzhXwjJ9NZwxd4KflQkJjQ
DA:238,1,yv59v8KaHavQluMyO7xT6Q
DA:246,1,lbiZZRg9xYxeN8jnTZGJ9g
DA:248,1,Rh+Fq7Y20+rrlbzMDYLgcQ
DA:250,1,Nnqu9X+lU2lagW39QNhFWA
DA:251,1,kF5iB3hgBW8WnyoggLwmfg
DA:252,1,Ahj3u1JF+byhc08crW0QLQ
DA:254,1,vNNTgt7R+e4BwFXobGtOlQ
DA:256,1,mNeFbVseW/qARC32FDxTEQ
DA:257,1,acMBX5l1srZ491NxjonaeA
DA:258,1,vmrz1EiRGmh1MNZlc7IsNQ
DA:259,1,vtZuiIh5DSDD2AlHVYOVKw
DA:261,1,Nnqu9X+lU2lagW39QNhFWA
DA:262,1,NmqLPZ3fyfxpCRHbaSiJOQ
DA:263,1,IrKsTNk7dtBPez/9W/Qj+g
DA:264,1,iecXh0RffNZfyyBKrCOmrA
DA:266,1,Nnqu9X+lU2lagW39QNhFWA
DA:267,1,Jb45BMi1721wc8ypt23M6g
DA:268,1,XceuZSE58kAuwRkXfCz3mg
DA:270,1,Nnqu9X+lU2lagW39QNhFWA
DA:271,1,AnuWxAUDyCmMczt8tp7TBw
DA:272,1,n4NDUGewH3j5dzwolDzf5A
DA:274,1,Nnqu9X+lU2lagW39QNhFWA
DA:275,1,uk5+o+CCjDLLIkm9IQLPtQ
DA:276,1,Yv5hMrZtSl+2+8NtPWsDLw
DA:278,1,Nnqu9X+lU2lagW39QNhFWA
DA:279,1,GflCFTf20x0JWupDDMETJA
DA:280,1,q0wIMUlz3srDH0Lg+BK9mA
DA:282,1,Nnqu9X+lU2lagW39QNhFWA
DA:283,1,FfYeIxYuJuJRN5k6/K6Y7Q
DA:284,1,1dqIY04d+M/CQT9EZGY5Fw
DA:286,1,Nnqu9X+lU2lagW39QNhFWA
DA:287,1,EmQ+hxBlgQKFFnT9CP0d5Q
DA:288,1,wGa+SQn8bApFMeivn0kWYA
DA:289,1,rhh+0om3ksyfSzaGY9Tk0A
DA:290,1,3/vpxbGaiug1MaL3IlGbdg
DA:291,1,hKnFetzAAHrF5+pb/rogiw
DA:292,1,8D0ZFuVO1joTZliocqancg
DA:294,1,jJR6mVBBc4GHpLqW+Cu+AA
LF:202
LH:202
BRDA:9,0,0,1
BRDA:10,0,1,1
BRDA:46,1,0,1
BRDA:50,1,1,1
BRDA:54,2,0,1
BRDA:58,2,1,1
BRDA:62,3,0,1
BRDA:66,3,1,1
BRDA:70,4,0,1
BRDA:74,4,1,1
BRDA:78,5,0,1
BRDA:82,5,1,1
BRDA:86,6,0,1
BRDA:90,6,1,1
BRDA:94,7,0,1
BRDA:98,7,1,1
BRDA:102,8,0,1
BRDA:106,8,1,1
BRDA:110,9,0,1
BRDA:114,9,1,1
BRDA:118,10,0,1
BRDA:122,10,1,1
BRDA:126,11,0,1
BRDA:130,11,1,1
BRDA:134,12,0,1
BRDA:138,12,1,1
BRDA:142,13,0,1
BRDA:146,13,1,1
BRDA:150,14,0,1
BRDA:154,14,1,1
BRDA:164,15,0,1
BRDA:168,15,1,1
BRDA:184,16,0,1
BRDA:186,16,1,1
BRDA:187,17,0,1
BRDA:190,17,1,1
BRDA:0,18,0,1
BRDA:203,18,1,1
BRDA:0,19,0,1
BRDA:206,19,1,1
BRDA:211,19,2,1
BRDA:0,20,0,1
BRDA:211,20,1,1
BRDA:213,20,2,1
BRDA:221,21,0,1
BRDA:225,21,1,1
BRDA:225,22,0,1
BRDA:229,22,1,1
BRDA:229,23,0,1
BRDA:233,23,1,1
BRDA:250,24,0,1
BRDA:261,24,1,1
BRDA:257,25,0,1
BRDA:258,25,1,1
BRDA:0,26,0,1
BRDA:259,26,1,1
BRDA:261,27,0,1
BRDA:266,27,1,1
BRDA:0,28,0,1
BRDA:264,28,1,1
BRDA:266,29,0,1
BRDA:270,29,1,1
BRDA:270,30,0,1
BRDA:274,30,1,1
BRDA:274,31,0,1
BRDA:278,31,1,1
BRDA:278,32,0,1
BRDA:282,32,1,1
BRDA:282,33,0,1
BRDA:286,33,1,1
BRDA:0,34,0,1
BRDA:286,34,1,1
BRF:70
BRH:70
end_of_record
