TN:
SF:nrt_pytest_soft_asserts\soft_asserts.py
DA:1,1,7HpIEQVf5K0efdTzo05mJg
DA:2,1,YOe9avog2o7Ju8MeMAAAVQ
DA:5,1,CT9XrugR0VmgtyLiirko8A
DA:6,1,UWMFjPhL9cjw2PNid09Teg
DA:7,1,+SGCpVWY58FgRVOVeHAUaQ
DA:8,1,hrAqVZ4+nJDfZWiyo7USPQ
DA:11,1,VWrOtSvpsG3XM/+ldlYTtw
DA:12,1,/ZvqiDY7XVzMiSFdpC6ZCg
DA:18,1,nbKTbmHFx7nM+aMlyHoQuQ
DA:19,1,cZwl7SZ7Og3/jQc9chklaw
DA:20,1,o/ICqHT57VM1Vq7HjJyy3A
DA:21,1,8gMV8dVZf8YNcIeIuAT9mg
DA:22,1,X04jIckKz8MzqNgMEd/zuQ
DA:24,1,gFdnwIzxJ64X+nD2UauP7A
DA:25,1,euNjmfcAJnt/3VzkyXBypw
DA:26,1,VoZlPxzJT8iSDla3nXg6gA
DA:28,1,w/qRhPKePx2X8WQ5IFwHQw
DA:29,1,wLAvyX6ae7qHPfR0U5nuNQ
DA:31,1,xZzMcn+sbVdMvp1XWeSE3A
DA:32,1,TCKiqpktFcWqlWOlIXkr/Q
DA:34,1,2feaP53LICTkUXoufDnSow
DA:35,1,UNg5Tja4vJsKufLKzB/kig
DA:36,1,cF/F8prOxehBDvWes+tMMg
DA:37,1,SddcyX1RBTAngKzlGAFzog
DA:38,1,kycMaH6XbPuAfUpgfG1Lbg
DA:40,1,eJ6zrxnLWn/k18a2vHOhRA
DA:42,1,s1bL95czphICJYesf40P0g
DA:43,1,SVjSWEY0bM8LLJH3qp/3Og
DA:44,1,BSDSyrd28WloFCHGdn2FQQ
DA:45,1,SddcyX1RBTAngKzlGAFzog
DA:46,1,kycMaH6XbPuAfUpgfG1Lbg
DA:48,1,eJ6zrxnLWn/k18a2vHOhRA
DA:50,1,a9xTv53C92gEOcB2C7sang
DA:51,1,fPOM4pkCeXOfL2Nmu5oikw
DA:52,1,KTOM1IoHRdymNOi2MOrfow
DA:53,1,SddcyX1RBTAngKzlGAFzog
DA:54,1,kycMaH6XbPuAfUpgfG1Lbg
DA:56,1,eJ6zrxnLWn/k18a2vHOhRA
DA:58,1,c/GTJITtfeL5VVJmP7cM4A
DA:59,1,cs5FkiD5nnhu8NJ+8Cen0g
DA:60,1,MMzR/4FNHLQDvhbSfEhRjg
DA:61,1,SddcyX1RBTAngKzlGAFzog
DA:62,1,kycMaH6XbPuAfUpgfG1Lbg
DA:64,1,eJ6zrxnLWn/k18a2vHOhRA
DA:66,1,wzaRxf7eNUIkALABgtSBOg
DA:67,1,TJY/ZQHPl6v9wt0iiFUHgA
DA:68,1,ByiK0QTfZbN7pcEJMLnKnA
DA:69,1,SddcyX1RBTAngKzlGAFzog
DA:70,1,kycMaH6XbPuAfUpgfG1Lbg
DA:72,1,eJ6zrxnLWn/k18a2vHOhRA
DA:74,1,ohnxQgVjMajng4B983+dOQ
DA:75,1,caD9Ne8dKQaQHLzB/bHx1A
DA:76,1,x9Djg3dmtnNgOW88ewk5Gw
DA:77,1,SddcyX1RBTAngKzlGAFzog
DA:78,1,kycMaH6XbPuAfUpgfG1Lbg
DA:80,1,eJ6zrxnLWn/k18a2vHOhRA
DA:82,1,aGNyC4j4/11W0ojkq1MItg
DA:83,1,HOBRRotEGUH3HEJEbr0YUA
DA:84,1,vZnC+h5JTs752xY6owGb4g
DA:85,1,SddcyX1RBTAngKzlGAFzog
DA:86,1,kycMaH6XbPuAfUpgfG1Lbg
DA:88,1,eJ6zrxnLWn/k18a2vHOhRA
DA:90,1,nDajlSGkW4YMvTZoO+q+ug
DA:91,1,EGNruTy0X+Kp9Jkg/flHiw
DA:92,1,Ob0eQ+a3YhRVJHOBXnjrRA
DA:93,1,SddcyX1RBTAngKzlGAFzog
DA:94,1,kycMaH6XbPuAfUpgfG1Lbg
DA:96,1,eJ6zrxnLWn/k18a2vHOhRA
DA:98,1,BgltoEotRwyRJFO8ekhLJA
DA:99,1,UxwR8N+Yj6i7HYMpbMepww
DA:100,1,RzRBmIy8MpMoehK51SMnPA
DA:101,1,SddcyX1RBTAngKzlGAFzog
DA:102,1,kycMaH6XbPuAfUpgfG1Lbg
DA:104,1,eJ6zrxnLWn/k18a2vHOhRA
DA:106,1,HKL+A4SYWO42UDwPBqF9/Q
DA:107,1,hUWpochcPK4BW5vofnIyIQ
DA:108,1,y+St3rSnijDiXGKMyWbmzQ
DA:109,1,SddcyX1RBTAngKzlGAFzog
DA:110,1,kycMaH6XbPuAfUpgfG1Lbg
DA:112,1,eJ6zrxnLWn/k18a2vHOhRA
DA:114,1,Me1jgvIGrsr4qnriHUjthg
DA:115,1,hMZeVjp7IQfEeIhu7T6Qug
DA:116,1,Xul9OhdjYz634dcls+D5Sg
DA:117,1,SddcyX1RBTAngKzlGAFzog
DA:118,1,kycMaH6XbPuAfUpgfG1Lbg
DA:120,1,eJ6zrxnLWn/k18a2vHOhRA
DA:122,1,Tp9UPj/6BSBU3OiLKVehTQ
DA:123,1,LEr6iS1ehZPEln0938LgDA
DA:124,1,7CSN9PHZE0v8HuRE7SFpHQ
DA:125,1,SddcyX1RBTAngKzlGAFzog
DA:126,1,kycMaH6XbPuAfUpgfG1Lbg
DA:128,1,eJ6zrxnLWn/k18a2vHOhRA
DA:130,1,jt1nVjofbe6seP/zpYulag
DA:131,1,ABp2lMt/GqraddSKyQroNg
DA:132,1,Gl3BECggWbqqjd2cqP4bRw
DA:133,1,SddcyX1RBTAngKzlGAFzog
DA:134,1,kycMaH6XbPuAfUpgfG1Lbg
DA:136,1,eJ6zrxnLWn/k18a2vHOhRA
DA:138,1,FOJoFrDX8goW8TK04Am1gg
DA:139,1,BEji8rHRRQd6Khq3M6eG1A
DA:140,1,OkhVZVE4+qXfT2qlBfFMCg
DA:141,1,SddcyX1RBTAngKzlGAFzog
DA:142,1,kycMaH6XbPuAfUpgfG1Lbg
DA:144,1,eJ6zrxnLWn/k18a2vHOhRA
DA:146,1,7Id/9w+MJ7mmStv5GmlnEQ
DA:147,1,xjcDBnSwra0OiNOAYAwoHA
DA:148,1,fzgfIgcG6g+2bwqhpFlehA
DA:149,1,1bm+6DR9CmDHJRc1CVEkAA
DA:150,1,SddcyX1RBTAngKzlGAFzog
DA:151,1,kycMaH6XbPuAfUpgfG1Lbg
DA:152,1,cCzhnT+1tmGi11b28Pmfwg
DA:153,1,FFqRFcnwn5yIyeIymeaJKA
DA:154,1,cHkzfZuxAWImImgqWlqrvA
DA:155,1,BPFPHxC1g838zXudSH9ZRw
DA:156,1,7N/JFuOs+JgNw/t49ouLjw
DA:158,1,eJ6zrxnLWn/k18a2vHOhRA
DA:160,1,7b0pW+COted0848FtuVb6w
DA:161,1,5q+soJGeT4wj2rvA0ImJjw
DA:162,1,oGXcTu7RhYjXaCN+oyGeow
DA:163,1,WLm2H1W+3yCdma2u9U4Q8Q
DA:165,1,NgEyPOKakdhldTxcO/9WTw
DA:166,1,9tjsd4fQsN3iZRwF3XVokQ
DA:167,1,jVibu8inmyhUmI99MXh8cQ
DA:169,1,qCY/j2HCLFtYyfrTwAWWTA
DA:170,1,Lfip+xp+akrfc/rJIcMOhA
DA:172,1,KUmQB5oU4NORV0lSdMIZZQ
DA:173,1,dAfL0n8Wo5Ppew0jXSR2ew
DA:174,1,DSI4Ot1H4VotwCjdGHX7OA
DA:175,1,tQ6XNUsbh/EhqDe2FXTfEQ
DA:176,1,MxcyyJW2FDs9bItTe2A0WQ
DA:177,1,niU61jbEbVCIu9EZqALWTw
DA:178,1,tQ6XNUsbh/EhqDe2FXTfEQ
DA:180,1,n05AfdIFALNK7eRaTWeHow
DA:182,1,0d4Sudq2J47ghEvQaeqPWg
DA:184,1,kVvJCoZ+arOc3lZ+og4IEg
DA:190,1,ogP0iNXJ2rXGUSaYFfx0HQ
DA:192,1,rKc6OtluApu4vUPkue80OA
DA:193,1,51oFRiFZA8XRplZCPT+gSA
DA:194,1,D+1gEQAN6fkTn2TYmA0kkQ
DA:196,1,cNL8bb7c9LibXQYEYcASDg
DA:201,1,IPjK7F9pnamTy2HfVi2mgA
DA:203,1,GjfNc4UJIb1+ODEoT4Hajw
DA:204,1,jv3zm1wOeBalyM4h/jcIlw
DA:206,1,MZYNNYkbtsx2Hg+DZ/h3rg
DA:207,1,UgfgQM6wxrSfJ+EcPxgD7Q
DA:209,1,HmADa1g/W1C2Vo9Wm4sNNA
DA:210,1,YZHh1zdnsa3bb+dCKtCLig
DA:211,1,tWBXudt5bV+DpuYf1ygf2g
DA:213,1,HmADa1g/W1C2Vo9Wm4sNNA
DA:214,1,IGhNwPBj/a1FDMfnrvNhxA
DA:215,1,Lmo1GBciEu5kMSFvKCB7QA
DA:217,1,B+mxYdm1Xk4QgBlIJzGpEA
DA:218,1,/ZJ79mb3sx4CFjKob6BxSg
DA:219,1,jJxyxzcVU/1lqNaNLAC6ww
DA:221,1,Wd4o5epo//51J+v3mzza3g
DA:222,1,vDeONdWNzGB1bPJZokLllA
DA:223,1,/Lct/aa+gRDnOrNcSDT0ZA
DA:225,1,Nnqu9X+lU2lagW39QNhFWA
DA:226,1,143uiKojxDtCstS6tDiQ5A
DA:227,1,Ahj3u1JF+byhc08crW0QLQ
DA:229,1,mNeFbVseW/qARC32FDxTEQ
DA:230,1,acMBX5l1srZ491NxjonaeA
DA:231,1,vmrz1EiRGmh1MNZlc7IsNQ
DA:232,1,vtZuiIh5DSDD2AlHVYOVKw
DA:234,1,Nnqu9X+lU2lagW39QNhFWA
DA:235,1,NmqLPZ3fyfxpCRHbaSiJOQ
DA:236,1,IrKsTNk7dtBPez/9W/Qj+g
DA:237,1,iecXh0RffNZfyyBKrCOmrA
DA:239,1,Nnqu9X+lU2lagW39QNhFWA
DA:240,1,Jb45BMi1721wc8ypt23M6g
DA:241,1,XceuZSE58kAuwRkXfCz3mg
DA:243,1,Nnqu9X+lU2lagW39QNhFWA
DA:244,1,AnuWxAUDyCmMczt8tp7TBw
DA:245,1,n4NDUGewH3j5dzwolDzf5A
DA:247,1,Nnqu9X+lU2lagW39QNhFWA
DA:248,1,uk5+o+CCjDLLIkm9IQLPtQ
DA:249,1,Yv5hMrZtSl+2+8NtPWsDLw
DA:251,1,Nnqu9X+lU2lagW39QNhFWA
DA:252,1,GflCFTf20x0JWupDDMETJA
DA:253,1,q0wIMUlz3srDH0Lg+BK9mA
DA:255,1,Nnqu9X+lU2lagW39QNhFWA
DA:256,1,FfYeIxYuJuJRN5k6/K6Y7Q
DA:257,1,1dqIY04d+M/CQT9EZGY5Fw
LF:182
LH:182
BRDA:6,0,0,1
BRDA:7,0,1,1
BRDA:36,1,0,1
BRDA:40,1,1,1
BRDA:44,2,0,1
BRDA:48,2,1,1
BRDA:52,3,0,1
BRDA:56,3,1,1
BRDA:60,4,0,1
BRDA:64,4,1,1
BRDA:68,5,0,1
BRDA:72,5,1,1
BRDA:76,6,0,1
BRDA:80,6,1,1
BRDA:84,7,0,1
BRDA:88,7,1,1
BRDA:92,8,0,1
BRDA:96,8,1,1
BRDA:100,9,0,1
BRDA:104,9,1,1
BRDA:108,10,0,1
BRDA:112,10,1,1
BRDA:116,11,0,1
BRDA:120,11,1,1
BRDA:124,12,0,1
BRDA:128,12,1,1
BRDA:132,13,0,1
BRDA:136,13,1,1
BRDA:140,14,0,1
BRDA:144,14,1,1
BRDA:154,15,0,1
BRDA:158,15,1,1
BRDA:174,16,0,1
BRDA:176,16,1,1
BRDA:177,17,0,1
BRDA:180,17,1,1
BRDA:0,18,0,1
BRDA:193,18,1,1
BRDA:0,19,0,1
BRDA:196,19,1,1
BRDA:201,19,2,1
BRDA:0,20,0,1
BRDA:0,20,1,1
BRDA:201,20,2,1
BRDA:209,21,0,1
BRDA:213,21,1,1
BRDA:213,22,0,1
BRDA:217,22,1,1
BRDA:217,23,0,1
BRDA:221,23,1,1
BRDA:225,24,0,1
BRDA:234,24,1,1
BRDA:230,25,0,1
BRDA:231,25,1,1
BRDA:0,26,0,1
BRDA:232,26,1,1
BRDA:234,27,0,1
BRDA:239,27,1,1
BRDA:0,28,0,1
BRDA:237,28,1,1
BRDA:239,29,0,1
BRDA:243,29,1,1
BRDA:243,30,0,1
BRDA:247,30,1,1
BRDA:247,31,0,1
BRDA:251,31,1,1
BRDA:251,32,0,1
BRDA:255,32,1,1
BRDA:0,33,0,1
BRDA:255,33,1,1
BRF:68
BRH:68
end_of_record
